0 info it worked if it ends with ok
1 verbose cli [ 'C:\\Program Files\\nodejs\\\\node.exe',
1 verbose cli   'C:\\Program Files\\nodejs\\node_modules\\npm\\bin\\npm-cli.js',
1 verbose cli   'install',
1 verbose cli   'grunt-contrib-autoprefixer',
1 verbose cli   '--save-dev' ]
2 info using npm@1.4.28
3 info using node@v0.10.33
4 verbose node symlink C:\Program Files\nodejs\\node.exe
5 warn package.json grunt-project@0.1.0 No repository field.
6 verbose readDependencies using package.json deps
7 verbose cache add [ 'grunt-contrib-autoprefixer', null ]
8 verbose cache add name=undefined spec="grunt-contrib-autoprefixer" args=["grunt-contrib-autoprefixer",null]
9 verbose parsed url { protocol: null,
9 verbose parsed url   slashes: null,
9 verbose parsed url   auth: null,
9 verbose parsed url   host: null,
9 verbose parsed url   port: null,
9 verbose parsed url   hostname: null,
9 verbose parsed url   hash: null,
9 verbose parsed url   search: null,
9 verbose parsed url   query: null,
9 verbose parsed url   pathname: 'grunt-contrib-autoprefixer',
9 verbose parsed url   path: 'grunt-contrib-autoprefixer',
9 verbose parsed url   href: 'grunt-contrib-autoprefixer' }
10 silly lockFile 1f96d3dd-grunt-contrib-autoprefixer grunt-contrib-autoprefixer
11 verbose lock grunt-contrib-autoprefixer C:\Users\ioan\AppData\Roaming\npm-cache\1f96d3dd-grunt-contrib-autoprefixer.lock
12 silly lockFile 1f96d3dd-grunt-contrib-autoprefixer grunt-contrib-autoprefixer
13 silly lockFile 1f96d3dd-grunt-contrib-autoprefixer grunt-contrib-autoprefixer
14 verbose addNamed [ 'grunt-contrib-autoprefixer', '' ]
15 verbose addNamed [ null, '*' ]
16 silly lockFile d15fa78b-grunt-contrib-autoprefixer grunt-contrib-autoprefixer@
17 verbose lock grunt-contrib-autoprefixer@ C:\Users\ioan\AppData\Roaming\npm-cache\d15fa78b-grunt-contrib-autoprefixer.lock
18 silly addNameRange { name: 'grunt-contrib-autoprefixer',
18 silly addNameRange   range: '*',
18 silly addNameRange   hasData: false }
19 verbose request where is /grunt-contrib-autoprefixer
20 verbose request registry https://registry.npmjs.org/
21 verbose request id fead61325cee6822
22 verbose url raw /grunt-contrib-autoprefixer
23 verbose url resolving [ 'https://registry.npmjs.org/',
23 verbose url resolving   './grunt-contrib-autoprefixer' ]
24 verbose url resolved https://registry.npmjs.org/grunt-contrib-autoprefixer
25 verbose request where is https://registry.npmjs.org/grunt-contrib-autoprefixer
26 info trying registry request attempt 1 at 11:45:00
27 http GET https://registry.npmjs.org/grunt-contrib-autoprefixer
28 http 404 https://registry.npmjs.org/grunt-contrib-autoprefixer
29 verbose headers { date: 'Fri, 28 Nov 2014 09:45:00 GMT',
29 verbose headers   server: 'CouchDB/1.5.0 (Erlang OTP/R16B03)',
29 verbose headers   'content-type': 'application/json',
29 verbose headers   'cache-control': 'max-age=0',
29 verbose headers   'content-length': '52',
29 verbose headers   'accept-ranges': 'bytes',
29 verbose headers   via: '1.1 varnish',
29 verbose headers   age: '0',
29 verbose headers   'x-served-by': 'cache-lcy1123-LCY',
29 verbose headers   'x-cache': 'MISS',
29 verbose headers   'x-cache-hits': '0',
29 verbose headers   'x-timer': 'S1417167900.253043,VS0,VE163',
29 verbose headers   'keep-alive': 'timeout=10, max=50',
29 verbose headers   connection: 'Keep-Alive' }
30 silly registry.get cb [ 404,
30 silly registry.get   { date: 'Fri, 28 Nov 2014 09:45:00 GMT',
30 silly registry.get     server: 'CouchDB/1.5.0 (Erlang OTP/R16B03)',
30 silly registry.get     'content-type': 'application/json',
30 silly registry.get     'cache-control': 'max-age=0',
30 silly registry.get     'content-length': '52',
30 silly registry.get     'accept-ranges': 'bytes',
30 silly registry.get     via: '1.1 varnish',
30 silly registry.get     age: '0',
30 silly registry.get     'x-served-by': 'cache-lcy1123-LCY',
30 silly registry.get     'x-cache': 'MISS',
30 silly registry.get     'x-cache-hits': '0',
30 silly registry.get     'x-timer': 'S1417167900.253043,VS0,VE163',
30 silly registry.get     'keep-alive': 'timeout=10, max=50',
30 silly registry.get     connection: 'Keep-Alive' } ]
31 silly lockFile d15fa78b-grunt-contrib-autoprefixer grunt-contrib-autoprefixer@
32 silly lockFile d15fa78b-grunt-contrib-autoprefixer grunt-contrib-autoprefixer@
33 error 404 404 Not Found: grunt-contrib-autoprefixer
33 error 404
33 error 404 'grunt-contrib-autoprefixer' is not in the npm registry.
33 error 404 You should bug the author to publish it
33 error 404 It was specified as a dependency of 'grunt-project'
33 error 404
33 error 404 Note that you can also install from a
33 error 404 tarball, folder, or http url, or git url.
34 error System Windows_NT 6.2.9200
35 error command "C:\\Program Files\\nodejs\\\\node.exe" "C:\\Program Files\\nodejs\\node_modules\\npm\\bin\\npm-cli.js" "install" "grunt-contrib-autoprefixer" "--save-dev"
36 error cwd C:\Users\ioan\PhpstormProjects\grunt
37 error node -v v0.10.33
38 error npm -v 1.4.28
39 error code E404
40 verbose exit [ 1, true ]
